<?xml version="1.0" encoding="UTF-8"?>
<!-- Generated by org.testng.reporters.JUnitXMLReporter -->
<testsuite hostname="DesignExperts" ignored="0" name="Default test" tests="4" failures="0" timestamp="17 Sep 2017 05:14:16 GMT" time="17.041" errors="0">
  <testcase name="openBing" time="1.523" classname="seleniumAdv.TimeTestng"/>
  <testcase name="openGoogle" time="2.801" classname="seleniumAdv.TimeTestng"/>
  <testcase name="Testng1" time="7.343" classname="seleniumAdv.TestNg"/>
  <testcase name="Testng" time="5.357" classname="seleniumAdv.TestNg"/>
</testsuite> <!-- Default test -->
