<?xml version="1.0" encoding="UTF-8"?>
<!-- Generated by org.testng.reporters.JUnitXMLReporter -->
<testsuite hostname="DesignExperts" ignored="0" name="Default test" tests="3" failures="0" timestamp="23 Sep 2017 06:08:56 GMT" time="0.031" errors="0">
  <testcase name="puthardwork" time="0.0" classname="seleniumAdv.HandlingDependencies"/>
  <testcase name="getgoodscore" time="0.0" classname="seleniumAdv.HandlingDependencies"/>
  <testcase name="getjob" time="0.0" classname="seleniumAdv.HandlingDependencies"/>
</testsuite> <!-- Default test -->
