<?xml version="1.0" encoding="UTF-8"?>
<!-- Generated by org.testng.reporters.JUnitXMLReporter -->
<testsuite hostname="DesignExperts" ignored="2" name="Run multiple tests" tests="4" failures="0" timestamp="23 Sep 2017 05:58:03 GMT" time="0.031" errors="0">
  <testcase name="brinjal" time="0.0" classname="seleniumAdv.TestGroup"/>
  <testcase name="brinjal1" time="0.0" classname="seleniumAdv.TestGroup"/>
  <testcase name="ladysfinger" time="0.0" classname="seleniumAdv.TestGroup"/>
  <testcase name="ladysfinger1" time="0.0" classname="seleniumAdv.TestGroup"/>
  <testcase name="carrot" time="0.0" classname="seleniumAdv.TestGroup">
    <ignored/>
  </testcase> <!-- carrot -->
  <testcase name="carrot1" time="0.0" classname="seleniumAdv.TestGroup">
    <ignored/>
  </testcase> <!-- carrot1 -->
</testsuite> <!-- Run multiple tests -->
